<?xml version="1.0" encoding="UTF-8"?>
<testsuite xmlns:xsi="http://www.w3.org/2001/XMLSchema-instance" xsi:noNamespaceSchemaLocation="https://maven.apache.org/surefire/maven-surefire-plugin/xsd/surefire-test-report-3.0.xsd" version="3.0" name="org.jinstagram.entity.locations.LocationInfo_ESTest" time="0.001" tests="2" errors="0" skipped="0" failures="0">
  <properties>
[...]
</properties>
  <testcase name="testGetLocationData" classname="org.jinstagram.entity.locations.LocationInfo_ESTest" time="0">
    <system-out><![CDATA[23:22:30.423 [main] DEBUG org.evosuite.runtime.sandbox.MSecurityManager - Adding privileged thread: "Reference Handler"
23:22:30.423 [main] DEBUG org.evosuite.runtime.sandbox.MSecurityManager - Adding privileged thread: "Finalizer"
23:22:30.423 [main] DEBUG org.evosuite.runtime.sandbox.MSecurityManager - Adding privileged thread: "Signal Dispatcher"
23:22:30.423 [main] DEBUG org.evosuite.runtime.sandbox.MSecurityManager - Adding privileged thread: "Attach Listener"
23:22:30.423 [main] DEBUG org.evosuite.runtime.sandbox.MSecurityManager - Adding privileged thread: "AppKit Thread"
23:22:30.423 [main] DEBUG org.evosuite.runtime.sandbox.MSecurityManager - Adding privileged thread: "AWT-Shutdown"
23:22:30.423 [main] DEBUG org.evosuite.runtime.sandbox.MSecurityManager - Adding privileged thread: "Java2D Queue Flusher"
23:22:30.423 [main] DEBUG org.evosuite.runtime.sandbox.MSecurityManager - Adding privileged thread: "Java2D Disposer"
23:22:30.423 [main] DEBUG org.evosuite.runtime.sandbox.MSecurityManager - Adding privileged thread: "main"
23:22:30.423 [main] DEBUG org.evosuite.runtime.sandbox.MSecurityManager - Adding privileged thread: "surefire-forkedjvm-stream-flusher"
23:22:30.423 [main] DEBUG org.evosuite.runtime.sandbox.MSecurityManager - Adding privileged thread: "surefire-forkedjvm-command-thread"
23:22:30.424 [main] DEBUG org.evosuite.runtime.agent.TransformerForTests - Going to instrument: org.jinstagram.entity.locations.LocationInfo
23:22:30.425 [main] INFO org.evosuite.runtime.instrumentation.MethodCallReplacementClassAdapter - Adding mock interface to class org/jinstagram/entity/locations/LocationInfo
23:22:30.425 [main] INFO org.evosuite.runtime.instrumentation.CreateClassResetClassAdapter - Creating brand-new static initializer in class org/jinstagram/entity/locations/LocationInfo
23:22:30.426 [main] ERROR org.evosuite.runtime.classhandling.ClassStateSupport - Found $jacocoInit in class org.jinstagram.entity.locations.LocationInfo
23:22:30.426 [main] DEBUG org.evosuite.runtime.classhandling.ClassResetter - __STATIC_RESET() method does not exists in class org.jinstagram.http.APILimitUtils
]]></system-out>
  </testcase>
  <testcase name="testSetLocationData" classname="org.jinstagram.entity.locations.LocationInfo_ESTest" time="0">
    <system-out><![CDATA[23:22:30.428 [main] DEBUG org.evosuite.runtime.classhandling.ClassResetter - __STATIC_RESET() method does not exists in class org.jinstagram.http.APILimitUtils
]]></system-out>
  </testcase>
</testsuite>