GROUP,PACKAGE,CLASS,INSTRUCTION_MISSED,INSTRUCTION_COVERED,BRANCH_MISSED,BRANCH_COVERED,LINE_MISSED,LINE_COVERED,COMPLEXITY_MISSED,COMPLEXITY_COVERED,METHOD_MISSED,METHOD_COVERED
jInstagram,org.jinstagram.realtime,SubscriptionUtil.VerificationResult,15,0,0,0,6,0,3,0,3,0
jInstagram,org.jinstagram.realtime,SubscriptionType,59,0,0,0,9,0,3,0,3,0
jInstagram,org.jinstagram.realtime,SubscriptionResponseData,45,0,0,0,19,0,13,0,13,0
jInstagram,org.jinstagram.realtime,SubscriptionUtil,73,0,0,0,17,0,3,0,3,0
jInstagram,org.jinstagram.realtime,SubscriptionResponseObject,3,35,0,0,1,15,1,10,1,10
jInstagram,org.jinstagram.realtime,SubscriptionResponse,17,0,0,0,7,0,5,0,5,0
jInstagram,org.jinstagram.realtime,InstagramSubscription,403,0,8,0,97,0,24,0,20,0
jInstagram,org.jinstagram.realtime,SubscriptionsListResponse,17,0,0,0,7,0,5,0,5,0
jInstagram,org.jinstagram.realtime,Constants,3,0,0,0,1,0,1,0,1,0
jInstagram,org.jinstagram.auth,InstagramApi,62,0,2,0,10,0,7,0,6,0
jInstagram,org.jinstagram.auth,InstagramAuthService,88,0,2,0,27,0,9,0,8,0
jInstagram,org.jinstagram.auth,InstagramApi.new AccessTokenExtractor() {...},64,0,4,0,12,0,4,0,2,0
jInstagram,org.jinstagram.auth.exceptions,OAuthParametersMissingException,11,0,0,0,2,0,1,0,1,0
jInstagram,org.jinstagram.auth.exceptions,OAuthException,10,0,0,0,4,0,2,0,2,0
jInstagram,org.jinstagram.auth.model,OAuthRequest,62,0,4,0,10,0,7,0,5,0
jInstagram,org.jinstagram.auth.model,Verifier,12,0,0,0,5,0,2,0,2,0
jInstagram,org.jinstagram.auth.model,OAuthConstants,7,0,0,0,1,0,1,0,1,0
jInstagram,org.jinstagram.auth.model,OAuthConfig,28,38,3,1,8,12,9,4,7,4
jInstagram,org.jinstagram.auth.model,Token,50,0,2,0,13,0,7,0,6,0
jInstagram,org.jinstagram.entity.common,Location,27,31,0,0,1,13,1,9,1,9
jInstagram,org.jinstagram.entity.common,FromTagData,53,3,0,0,13,1,9,1,9,1
jInstagram,org.jinstagram.entity.common,Pagination,64,31,2,0,11,13,9,9,8,9
jInstagram,org.jinstagram.entity.common,Comments,33,0,0,0,8,0,6,0,6,0
jInstagram,org.jinstagram.entity.common,Meta,21,24,0,0,1,10,1,7,1,7
jInstagram,org.jinstagram.entity.common,UsersInPhoto,11,6,0,0,5,2,3,2,3,2
jInstagram,org.jinstagram.entity.common,GridPosition,11,6,0,0,5,2,3,2,3,2
jInstagram,org.jinstagram.entity.common,Caption,28,28,0,0,2,12,2,8,2,8
jInstagram,org.jinstagram.entity.common,VideoData,29,17,0,0,5,7,3,5,3,5
jInstagram,org.jinstagram.entity.common,InstagramErrorResponse,115,0,13,0,22,0,11,0,4,0
jInstagram,org.jinstagram.entity.common,Videos,32,0,0,0,8,0,6,0,6,0
jInstagram,org.jinstagram.entity.common,ImageData,29,17,0,0,5,7,3,5,3,5
jInstagram,org.jinstagram.entity.common,Likes,33,0,0,0,8,0,6,0,6,0
jInstagram,org.jinstagram.entity.common,User,70,10,0,0,16,4,11,3,11,3
jInstagram,org.jinstagram.entity.common,Images,44,0,0,0,11,0,8,0,8,0
jInstagram,org.jinstagram,InstagramConfig,37,72,0,0,9,25,7,9,7,9
jInstagram,org.jinstagram,Instagram,333,0,32,0,65,0,28,0,12,0
jInstagram,org.jinstagram,InstagramBase,1805,0,100,0,327,0,120,0,70,0
jInstagram,org.jinstagram,InstagramObject,15,3,0,0,5,1,4,1,4,1
jInstagram,org.jinstagram,InstagramOembed,168,0,12,0,33,0,12,0,6,0
jInstagram,org.jinstagram.entity.locations,LocationInfo,10,10,0,0,1,4,1,3,1,3
jInstagram,org.jinstagram.entity.locations,LocationSearchFeed,20,0,0,0,5,0,4,0,4,0
jInstagram,org.jinstagram.model,Scope,48,0,0,0,6,0,2,0,2,0
jInstagram,org.jinstagram.model,Relationship,68,0,0,0,3,0,2,0,2,0
jInstagram,org.jinstagram.model,QueryParam,3,0,0,0,1,0,1,0,1,0
jInstagram,org.jinstagram.model,Methods,3,0,0,0,1,0,1,0,1,0
jInstagram,org.jinstagram.model,Constants,3,14,0,0,1,1,1,1,1,1
jInstagram,org.jinstagram.http,Request,346,0,16,0,78,0,38,0,30,0
jInstagram,org.jinstagram.http,Verbs,44,0,0,0,2,0,1,0,1,0
jInstagram,org.jinstagram.http,URLUtils,326,0,22,0,69,0,23,0,12,0
jInstagram,org.jinstagram.http,URLUtils.EncodingRule,16,0,0,0,5,0,2,0,2,0
jInstagram,org.jinstagram.http,HttpStatus,6,759,0,0,2,67,2,2,2,2
jInstagram,org.jinstagram.http,APILimitUtils,49,0,2,0,12,0,5,0,4,0
jInstagram,org.jinstagram.http,Response,129,0,18,0,31,0,19,0,10,0
jInstagram,org.jinstagram.http,StreamUtils,45,0,4,0,12,0,3,0,1,0
jInstagram,org.jinstagram.entity.likes,LikesFeed,25,7,0,0,5,3,4,2,4,2
jInstagram,org.jinstagram.utils,PaginationHelper,42,0,2,0,10,0,3,0,2,0
jInstagram,org.jinstagram.utils,PaginationHelper.Page,19,0,0,0,7,0,4,0,4,0
jInstagram,org.jinstagram.utils,MapUtils,122,0,10,0,25,0,10,0,5,0
jInstagram,org.jinstagram.utils,EnforceSignedHeaderUtils,56,0,0,0,12,0,2,0,2,0
jInstagram,org.jinstagram.utils,EnforceSignedRequestUtils,101,0,2,0,16,0,4,0,3,0
jInstagram,org.jinstagram.utils,Preconditions,103,0,12,0,30,0,19,0,13,0
jInstagram,org.jinstagram.utils,LogHelper,96,0,2,0,15,0,6,0,5,0
jInstagram,org.jinstagram.entity.relationships,RelationshipData,36,3,0,0,10,1,7,1,7,1
jInstagram,org.jinstagram.entity.relationships,RelationshipFeed,25,7,0,0,5,3,4,2,4,2
jInstagram,org.jinstagram.exceptions,InstagramBadRequestException,26,0,0,0,10,0,5,0,5,0
jInstagram,org.jinstagram.exceptions,InstagramRateLimitException,26,0,0,0,10,0,5,0,5,0
jInstagram,org.jinstagram.exceptions,InstagramException,76,0,4,0,27,0,10,0,8,0
jInstagram,org.jinstagram.entity.users.feed,MediaFeedData,153,38,0,0,36,16,23,11,23,11
jInstagram,org.jinstagram.entity.users.feed,CarouselMedia,46,10,0,0,10,4,7,3,7,3
jInstagram,org.jinstagram.entity.users.feed,UserFeedData,94,0,0,0,26,0,18,0,18,0
jInstagram,org.jinstagram.entity.users.feed,MediaFeed,44,0,0,0,11,0,8,0,8,0
jInstagram,org.jinstagram.entity.users.feed,UserFeed,44,0,0,0,11,0,8,0,8,0
jInstagram,org.jinstagram.entity.comments,CommentData,46,10,0,0,10,4,7,3,7,3
jInstagram,org.jinstagram.entity.comments,MediaCommentResponse,21,11,0,0,3,5,3,3,3,3
jInstagram,org.jinstagram.entity.comments,MediaCommentsFeed,25,7,0,0,5,3,4,2,4,2
jInstagram,org.jinstagram.entity.oembed,OembedInformation,240,62,22,0,18,25,26,17,15,17
jInstagram,org.jinstagram.entity.media,MediaInfoFeed,25,7,0,0,5,3,4,2,4,2
jInstagram,org.jinstagram.entity.users.basicinfo,UserInfoData,20,109,0,0,8,25,6,16,6,16
jInstagram,org.jinstagram.entity.users.basicinfo,UserInfo,6,21,0,0,2,6,2,4,2,4
jInstagram,org.jinstagram.entity.users.basicinfo,Counts,35,12,0,0,7,4,4,4,4,4
jInstagram,org.jinstagram.auth.oauth,InstagramService,127,0,6,0,28,0,11,0,8,0
jInstagram,org.jinstagram.entity.tags,TagMediaFeed,21,23,0,0,9,2,6,2,6,2
jInstagram,org.jinstagram.entity.tags,TagSearchFeed,25,7,0,0,5,3,4,2,4,2
jInstagram,org.jinstagram.entity.tags,TagInfoData,30,3,0,0,7,1,5,1,5,1
jInstagram,org.jinstagram.entity.tags,TagInfoFeed,21,11,0,0,3,5,3,3,3,3
